{
  "stats": {
    "suites": 14,
    "tests": 32,
    "passes": 30,
    "pending": 2,
    "failures": 0,
    "start": "2020-08-20T14:08:48.762Z",
    "end": "2020-08-20T14:12:05.226Z",
    "duration": 196464,
    "testsRegistered": 32,
    "passPercent": 100,
    "pendingPercent": 6.25,
    "other": 0,
    "hasOther": false,
    "skipped": 0,
    "hasSkipped": false
  },
  "results": [
    {
      "uuid": "b0a48c2b-1311-441b-876b-7b62f64dabcb",
      "title": "",
      "fullFile": "",
      "file": "",
      "beforeHooks": [],
      "afterHooks": [],
      "tests": [],
      "suites": [
        {
          "uuid": "6868e070-45dc-4c58-923b-f3b30464d3ef",
          "title": "minecraft-api tests",
          "fullFile": "/Users/nickr/Documents/personal/projects/minecraft-server-manager/test/api/MinecraftApi.js",
          "file": "/test/api/MinecraftApi.js",
          "beforeHooks": [
            {
              "title": "\"before all\" hook",
              "fullTitle": "minecraft-api tests \"before all\" hook",
              "timedOut": false,
              "duration": 6,
              "state": null,
              "speed": null,
              "pass": false,
              "fail": false,
              "pending": false,
              "context": null,
              "code": "minecraftApi = null;\nminecraftApi = new MinecraftApi();",
              "err": {},
              "uuid": "7c2c80a5-15d2-412f-b1f4-b4923e041847",
              "parentUUID": "6868e070-45dc-4c58-923b-f3b30464d3ef",
              "isHook": true,
              "skipped": false
            }
          ],
          "afterHooks": [],
          "tests": [
            {
              "title": "should init",
              "fullTitle": "minecraft-api tests should init",
              "timedOut": false,
              "duration": 313,
              "state": "passed",
              "speed": "slow",
              "pass": true,
              "fail": false,
              "pending": false,
              "context": null,
              "code": "await minecraftApi.init();",
              "err": {},
              "uuid": "085e3a11-95fb-422e-9ec0-b650a55ee555",
              "parentUUID": "6868e070-45dc-4c58-923b-f3b30464d3ef",
              "isHook": false,
              "skipped": false
            }
          ],
          "suites": [
            {
              "uuid": "6d6247ff-70cc-4791-8251-3ac78b93d5d2",
              "title": "minecraft-api properties",
              "fullFile": "/Users/nickr/Documents/personal/projects/minecraft-server-manager/test/api/MinecraftApi.js",
              "file": "/test/api/MinecraftApi.js",
              "beforeHooks": [],
              "afterHooks": [],
              "tests": [
                {
                  "title": "should have properties",
                  "fullTitle": "minecraft-api tests minecraft-api properties should have properties",
                  "timedOut": false,
                  "duration": 2,
                  "state": "passed",
                  "speed": "fast",
                  "pass": true,
                  "fail": false,
                  "pending": false,
                  "context": null,
                  "code": "const minecraftApi = new MinecraftApi();\nconst properties = minecraftApi.properties;\nexpect(properties.settings).not.toBe(null);\nexpect(properties.nodeInfo.version).not.toBe('');",
                  "err": {},
                  "uuid": "31dbbb91-8baa-48f9-a582-3447cae6eda6",
                  "parentUUID": "6d6247ff-70cc-4791-8251-3ac78b93d5d2",
                  "isHook": false,
                  "skipped": false
                },
                {
                  "title": "should have settings",
                  "fullTitle": "minecraft-api tests minecraft-api properties should have settings",
                  "timedOut": false,
                  "duration": 1,
                  "state": "passed",
                  "speed": "fast",
                  "pass": true,
                  "fail": false,
                  "pending": false,
                  "context": null,
                  "code": "const minecraftApi = new MinecraftApi();\nconst settings = minecraftApi.properties.settings;\nexpect(settings).not.toBe(null);\nexpect(settings.ipAddress).toBe('0.0.0.0');\nexpect(settings.ipPort).toBe(3001);\nexpect(settings.autoStartMinecraft).toBe(false);",
                  "err": {},
                  "uuid": "7edfe56a-1b28-48ad-b6e9-4d8179e0ecc9",
                  "parentUUID": "6d6247ff-70cc-4791-8251-3ac78b93d5d2",
                  "isHook": false,
                  "skipped": false
                }
              ],
              "suites": [],
              "passes": [
                "31dbbb91-8baa-48f9-a582-3447cae6eda6",
                "7edfe56a-1b28-48ad-b6e9-4d8179e0ecc9"
              ],
              "failures": [],
              "pending": [],
              "skipped": [],
              "duration": 3,
              "root": false,
              "rootEmpty": false,
              "_timeout": 2000
            },
            {
              "uuid": "0eeb7b95-e2d4-44fe-8277-a33de788d985",
              "title": "minecraft-api methods",
              "fullFile": "/Users/nickr/Documents/personal/projects/minecraft-server-manager/test/api/MinecraftApi.js",
              "file": "/test/api/MinecraftApi.js",
              "beforeHooks": [],
              "afterHooks": [],
              "tests": [
                {
                  "title": "should start and stop",
                  "fullTitle": "minecraft-api tests minecraft-api methods should start and stop",
                  "timedOut": false,
                  "duration": 174,
                  "state": "passed",
                  "speed": "slow",
                  "pass": true,
                  "fail": false,
                  "pending": false,
                  "context": null,
                  "code": "const minecraftApi = new MinecraftApi();\nawait minecraftApi.init();\nminecraftApi.properties.settings.autoStartMinecraft = false;\nawait minecraftApi.start();\nexpect(minecraftApi.app).not.toBe(null);\nawait minecraftApi.stop();\n// minecraftApi.properties.webServer.close();",
                  "err": {},
                  "uuid": "238f9564-db16-46b5-9eba-0c28f5a3407d",
                  "parentUUID": "0eeb7b95-e2d4-44fe-8277-a33de788d985",
                  "isHook": false,
                  "skipped": false
                }
              ],
              "suites": [],
              "passes": [
                "238f9564-db16-46b5-9eba-0c28f5a3407d"
              ],
              "failures": [],
              "pending": [],
              "skipped": [],
              "duration": 174,
              "root": false,
              "rootEmpty": false,
              "_timeout": 2000
            }
          ],
          "passes": [
            "085e3a11-95fb-422e-9ec0-b650a55ee555"
          ],
          "failures": [],
          "pending": [],
          "skipped": [],
          "duration": 313,
          "root": false,
          "rootEmpty": false,
          "_timeout": 2000
        },
        {
          "uuid": "3f1bca47-e4d3-42e5-b45d-cbdbd45bf02b",
          "title": "minecraft-server tests",
          "fullFile": "/Users/nickr/Documents/personal/projects/minecraft-server-manager/test/server/MinecraftServer.js",
          "file": "/test/server/MinecraftServer.js",
          "beforeHooks": [
            {
              "title": "\"before all\" hook",
              "fullTitle": "minecraft-server tests \"before all\" hook",
              "timedOut": false,
              "duration": 1,
              "state": null,
              "speed": null,
              "pass": false,
              "fail": false,
              "pending": false,
              "context": null,
              "code": "minecraftServer = null;\nminecraftServer = new MinecraftServer();",
              "err": {},
              "uuid": "edc5a63a-2468-447f-b177-91ce56eb3413",
              "parentUUID": "3f1bca47-e4d3-42e5-b45d-cbdbd45bf02b",
              "isHook": true,
              "skipped": false
            }
          ],
          "afterHooks": [
            {
              "title": "\"after all\" hook",
              "fullTitle": "minecraft-server tests \"after all\" hook",
              "timedOut": false,
              "duration": 5,
              "state": null,
              "speed": null,
              "pass": false,
              "fail": false,
              "pending": false,
              "context": null,
              "code": "if (minecraftServer.started) {\n  await minecraftServer.stop(true);\n}\nminecraftServer = null;\nwtf.dump();",
              "err": {},
              "uuid": "165066d4-636b-4de0-969e-5815a7c14e51",
              "parentUUID": "3f1bca47-e4d3-42e5-b45d-cbdbd45bf02b",
              "isHook": true,
              "skipped": false
            }
          ],
          "tests": [],
          "suites": [
            {
              "uuid": "fedadf8d-99cf-42a6-935a-e392385b68ce",
              "title": "minecraft-server properties",
              "fullFile": "/Users/nickr/Documents/personal/projects/minecraft-server-manager/test/server/MinecraftServer.js",
              "file": "/test/server/MinecraftServer.js",
              "beforeHooks": [],
              "afterHooks": [],
              "tests": [
                {
                  "title": "should have properties",
                  "fullTitle": "minecraft-server tests minecraft-server properties should have properties",
                  "timedOut": false,
                  "duration": 1,
                  "state": "passed",
                  "speed": "fast",
                  "pass": true,
                  "fail": false,
                  "pending": false,
                  "context": null,
                  "code": "const properties = minecraftServer.properties;\nexpect(properties.eulaUrl).not.toBe(null);\nexpect(properties.eulaUrl).not.toBe('');",
                  "err": {},
                  "uuid": "f3d10acd-fd4f-4ccd-a946-93103e4cae90",
                  "parentUUID": "fedadf8d-99cf-42a6-935a-e392385b68ce",
                  "isHook": false,
                  "skipped": false
                },
                {
                  "title": "should have settings",
                  "fullTitle": "minecraft-server tests minecraft-server properties should have settings",
                  "timedOut": false,
                  "duration": 178,
                  "state": "passed",
                  "speed": "slow",
                  "pass": true,
                  "fail": false,
                  "pending": false,
                  "context": null,
                  "code": "await minecraftServer.init();\nconst settings = minecraftServer.properties.settings;\nexpect(settings).not.toBe(null);\nexpect(settings.javaHome).not.toBe('');\nexpect(settings.javaPath).not.toBe('');\nexpect(settings.minecraftDirectory).not.toBe(null);\nexpect(settings.serverJar).toBe('server.jar');\nexpect(settings.memory.units).toBe('G');\nexpect(settings.memory.minimum).toBe(1);\nexpect(settings.memory.maximum).toBe(1);",
                  "err": {},
                  "uuid": "5b69e70f-0b0a-495f-9fdd-92a0f96e346e",
                  "parentUUID": "fedadf8d-99cf-42a6-935a-e392385b68ce",
                  "isHook": false,
                  "skipped": false
                }
              ],
              "suites": [],
              "passes": [
                "f3d10acd-fd4f-4ccd-a946-93103e4cae90",
                "5b69e70f-0b0a-495f-9fdd-92a0f96e346e"
              ],
              "failures": [],
              "pending": [],
              "skipped": [],
              "duration": 179,
              "root": false,
              "rootEmpty": false,
              "_timeout": 2000
            },
            {
              "uuid": "1e32cf7c-c859-4d6c-b2c9-d7d7d6c092c0",
              "title": "minecraft-server methods",
              "fullFile": "/Users/nickr/Documents/personal/projects/minecraft-server-manager/test/server/MinecraftServer.js",
              "file": "/test/server/MinecraftServer.js",
              "beforeHooks": [],
              "afterHooks": [],
              "tests": [
                {
                  "title": "should log",
                  "fullTitle": "minecraft-server tests minecraft-server methods should log",
                  "timedOut": false,
                  "duration": 0,
                  "state": null,
                  "speed": null,
                  "pass": false,
                  "fail": false,
                  "pending": true,
                  "context": null,
                  "code": "",
                  "err": {},
                  "uuid": "0cf15957-f3f4-4874-ada8-386debbee806",
                  "parentUUID": "1e32cf7c-c859-4d6c-b2c9-d7d7d6c092c0",
                  "isHook": false,
                  "skipped": false
                },
                {
                  "title": "should clear the log",
                  "fullTitle": "minecraft-server tests minecraft-server methods should clear the log",
                  "timedOut": false,
                  "duration": 0,
                  "state": null,
                  "speed": null,
                  "pass": false,
                  "fail": false,
                  "pending": true,
                  "context": null,
                  "code": "",
                  "err": {},
                  "uuid": "c3859e7b-2b71-4adc-bf6e-ca3e0751554e",
                  "parentUUID": "1e32cf7c-c859-4d6c-b2c9-d7d7d6c092c0",
                  "isHook": false,
                  "skipped": false
                },
                {
                  "title": "should detect a java version",
                  "fullTitle": "minecraft-server tests minecraft-server methods should detect a java version",
                  "timedOut": false,
                  "duration": 110,
                  "state": "passed",
                  "speed": "slow",
                  "pass": true,
                  "fail": false,
                  "pending": false,
                  "context": null,
                  "code": "await minecraftServer.detectJavaHome();\nexpect(minecraftServer.properties.settings.javaHome).not.toBe('');\nexpect(minecraftServer.properties.settings.javaPath).not.toBe('');",
                  "err": {},
                  "uuid": "23be9f5e-031c-429b-af5b-0e130f542983",
                  "parentUUID": "1e32cf7c-c859-4d6c-b2c9-d7d7d6c092c0",
                  "isHook": false,
                  "skipped": false
                },
                {
                  "title": "should get release versions",
                  "fullTitle": "minecraft-server tests minecraft-server methods should get release versions",
                  "timedOut": false,
                  "duration": 149,
                  "state": "passed",
                  "speed": "slow",
                  "pass": true,
                  "fail": false,
                  "pending": false,
                  "context": null,
                  "code": "const versions = await minecraftServer.getMinecraftVersions();\nlet found1112 = false;\nexpect(versions).not.toBe(null);\nexpect(versions.latest).not.toBe(null);\nexpect(versions.release).not.toBe(null);\nexpect(versions.snapshot).not.toBe(null);\nfor (let v = 0; v < versions.release.length; v++) {\n  if (versions.release[v].id === '1.11.2') {\n    found1112 = true;\n    break;\n  }\n}\nexpect(found1112).toBe(true);",
                  "err": {},
                  "uuid": "5e760db8-a117-4a92-b874-ebb0beb460c1",
                  "parentUUID": "1e32cf7c-c859-4d6c-b2c9-d7d7d6c092c0",
                  "isHook": false,
                  "skipped": false
                },
                {
                  "title": "should download the latest minecraft server jar",
                  "fullTitle": "minecraft-server tests minecraft-server methods should download the latest minecraft server jar",
                  "timedOut": false,
                  "duration": 3311,
                  "state": "passed",
                  "speed": "slow",
                  "pass": true,
                  "fail": false,
                  "pending": false,
                  "context": null,
                  "code": "this.timeout(10000);\nawait minecraftServer.downloadRelease('latest');\n// TODO: Fix this for a clean install\n// expect(minecraftServer.properties.versions.installed.length).toBeGreaterThan(0);",
                  "err": {},
                  "uuid": "02a54185-84f9-4924-a077-a686bb5bb990",
                  "parentUUID": "1e32cf7c-c859-4d6c-b2c9-d7d7d6c092c0",
                  "isHook": false,
                  "skipped": false
                },
                {
                  "title": "should install the latest minecraft server jar",
                  "fullTitle": "minecraft-server tests minecraft-server methods should install the latest minecraft server jar",
                  "timedOut": false,
                  "duration": 80,
                  "state": "passed",
                  "speed": "slow",
                  "pass": true,
                  "fail": false,
                  "pending": false,
                  "context": null,
                  "code": "this.timeout(5000);\nawait minecraftServer.install('latest');\nconst serverJarPath = path.join(minecraftServer.properties.settings.minecraftDirectory, minecraftServer.properties.settings.serverJar)\nexpect(await fs.pathExists(serverJarPath)).toBe(true);",
                  "err": {},
                  "uuid": "a6626b5a-4f96-48f9-89ee-7ed0b96da1a4",
                  "parentUUID": "1e32cf7c-c859-4d6c-b2c9-d7d7d6c092c0",
                  "isHook": false,
                  "skipped": false
                },
                {
                  "title": "should detect a minecraft jar",
                  "fullTitle": "minecraft-server tests minecraft-server methods should detect a minecraft jar",
                  "timedOut": false,
                  "duration": 1,
                  "state": "passed",
                  "speed": "fast",
                  "pass": true,
                  "fail": false,
                  "pending": false,
                  "context": null,
                  "code": "const jar = await minecraftServer.detectMinecraftJar();\nexpect(jar).not.toBe('');\nexpect(minecraftServer.properties.serverJar).not.toBe('');\nexpect(minecraftServer.properties.installed).toBe(true);\nexpect(minecraftServer.properties.needsInstallation).toBe(false);",
                  "err": {},
                  "uuid": "657c0821-7126-4980-b495-4fb498c5a920",
                  "parentUUID": "1e32cf7c-c859-4d6c-b2c9-d7d7d6c092c0",
                  "isHook": false,
                  "skipped": false
                },
                {
                  "title": "should start minecraft",
                  "fullTitle": "minecraft-server tests minecraft-server methods should start minecraft",
                  "timedOut": false,
                  "duration": 70326,
                  "state": "passed",
                  "speed": "slow",
                  "pass": true,
                  "fail": false,
                  "pending": false,
                  "context": null,
                  "code": "this.timeout(90000);\nexpect(minecraftServer.properties.started).toBe(false);\nawait minecraftServer.init();\nif (!minecraftServer.properties.installed) {\n  await minecraftServer.install();\n}\nawait minecraftServer.acceptEula();\nawait minecraftServer.start();\nexpect(minecraftServer.properties.started).toBe(true);\nexpect(minecraftServer.properties.stopped).toBe(false);\nexpect(minecraftServer.properties.detectedVersion).not.toBe('');\nexpect(minecraftServer.properties.fullHelp.length).toBeGreaterThan(0);\nawait minecraftServer.stop(true);",
                  "err": {},
                  "uuid": "280e6d6b-7c94-4f45-b38b-0a6df55482e7",
                  "parentUUID": "1e32cf7c-c859-4d6c-b2c9-d7d7d6c092c0",
                  "isHook": false,
                  "skipped": false
                },
                {
                  "title": "should get player summary",
                  "fullTitle": "minecraft-server tests minecraft-server methods should get player summary",
                  "timedOut": false,
                  "duration": 40197,
                  "state": "passed",
                  "speed": "slow",
                  "pass": true,
                  "fail": false,
                  "pending": false,
                  "context": null,
                  "code": "this.timeout(90000);\nexpect(minecraftServer.properties.started).toBe(false);\nawait minecraftServer.init();\nif (!await fs.pathExists(minecraftServer.properties.settings.minecraftDirectory)) {\n  await minecraftServer.install();\n}\nawait minecraftServer.acceptEula();\nawait minecraftServer.start();\nexpect(minecraftServer.properties.started).toBe(true);\nawait minecraftServer.listPlayers();\nexpect(minecraftServer.properties.playerInfo.summary).not.toBe(null);\nexpect(minecraftServer.properties.playerInfo.summary).not.toBe('');\nawait minecraftServer.stop(true);",
                  "err": {},
                  "uuid": "c6feec07-f3f6-42e4-8ec5-0502dc7ebe05",
                  "parentUUID": "1e32cf7c-c859-4d6c-b2c9-d7d7d6c092c0",
                  "isHook": false,
                  "skipped": false
                },
                {
                  "title": "should run a minecraft command and return its output",
                  "fullTitle": "minecraft-server tests minecraft-server methods should run a minecraft command and return its output",
                  "timedOut": false,
                  "duration": 40869,
                  "state": "passed",
                  "speed": "slow",
                  "pass": true,
                  "fail": false,
                  "pending": false,
                  "context": null,
                  "code": "this.timeout(90000);\nexpect(minecraftServer.properties.started).toBe(false);\nawait minecraftServer.init();\nif (!await fs.pathExists(minecraftServer.properties.settings.minecraftDirectory)) {\n  await minecraftServer.install();\n}\nawait minecraftServer.acceptEula();\nawait minecraftServer.start();\nconst output = await minecraftServer.runCommand('/gamerule keepInventory true');\nexpect(output.length).toBeGreaterThan(0);\nexpect(output).toBe('Gamerule keepInventory is now set to: true');\nawait minecraftServer.stop(true);",
                  "err": {},
                  "uuid": "625fb008-50bb-438a-8036-1ec593c7d818",
                  "parentUUID": "1e32cf7c-c859-4d6c-b2c9-d7d7d6c092c0",
                  "isHook": false,
                  "skipped": false
                },
                {
                  "title": "should stop minecraft",
                  "fullTitle": "minecraft-server tests minecraft-server methods should stop minecraft",
                  "timedOut": false,
                  "duration": 40321,
                  "state": "passed",
                  "speed": "slow",
                  "pass": true,
                  "fail": false,
                  "pending": false,
                  "context": null,
                  "code": "this.timeout(90000);\nexpect(minecraftServer.properties.started).toBe(false);\nawait minecraftServer.init();\nif (!await fs.pathExists(minecraftServer.properties.settings.minecraftDirectory)) {\n  await minecraftServer.install();\n}\nawait minecraftServer.acceptEula();\nawait minecraftServer.start();\nawait minecraftServer.stop(true);\nexpect(minecraftServer.properties.started).toBe(false);\nexpect(minecraftServer.properties.stopped).toBe(true);",
                  "err": {},
                  "uuid": "2693804a-d6c2-4a73-86e7-9d33e92be3af",
                  "parentUUID": "1e32cf7c-c859-4d6c-b2c9-d7d7d6c092c0",
                  "isHook": false,
                  "skipped": false
                },
                {
                  "title": "should backup the world and list backups",
                  "fullTitle": "minecraft-server tests minecraft-server methods should backup the world and list backups",
                  "timedOut": false,
                  "duration": 358,
                  "state": "passed",
                  "speed": "slow",
                  "pass": true,
                  "fail": false,
                  "pending": false,
                  "context": null,
                  "code": "this.timeout(60000);\nconst currentBackups = minecraftServer.properties.backupList.length;\nconst backups = await minecraftServer.backupWorld();\nexpect(backups.length).toBeGreaterThan(currentBackups);",
                  "err": {},
                  "uuid": "fd9f3704-fb65-4f6a-a938-2f46f974e99a",
                  "parentUUID": "1e32cf7c-c859-4d6c-b2c9-d7d7d6c092c0",
                  "isHook": false,
                  "skipped": false
                },
                {
                  "title": "should delete world backups and the list of backups",
                  "fullTitle": "minecraft-server tests minecraft-server methods should delete world backups and the list of backups",
                  "timedOut": false,
                  "duration": 3,
                  "state": "passed",
                  "speed": "fast",
                  "pass": true,
                  "fail": false,
                  "pending": false,
                  "context": null,
                  "code": "await minecraftServer.deleteWorldBackups();\nexpect(minecraftServer.properties.backupList.length).toBe(0);",
                  "err": {},
                  "uuid": "27a47935-99f3-41c8-9df4-ab0785a56f1b",
                  "parentUUID": "1e32cf7c-c859-4d6c-b2c9-d7d7d6c092c0",
                  "isHook": false,
                  "skipped": false
                }
              ],
              "suites": [],
              "passes": [
                "23be9f5e-031c-429b-af5b-0e130f542983",
                "5e760db8-a117-4a92-b874-ebb0beb460c1",
                "02a54185-84f9-4924-a077-a686bb5bb990",
                "a6626b5a-4f96-48f9-89ee-7ed0b96da1a4",
                "657c0821-7126-4980-b495-4fb498c5a920",
                "280e6d6b-7c94-4f45-b38b-0a6df55482e7",
                "c6feec07-f3f6-42e4-8ec5-0502dc7ebe05",
                "625fb008-50bb-438a-8036-1ec593c7d818",
                "2693804a-d6c2-4a73-86e7-9d33e92be3af",
                "fd9f3704-fb65-4f6a-a938-2f46f974e99a",
                "27a47935-99f3-41c8-9df4-ab0785a56f1b"
              ],
              "failures": [],
              "pending": [
                "0cf15957-f3f4-4874-ada8-386debbee806",
                "c3859e7b-2b71-4adc-bf6e-ca3e0751554e"
              ],
              "skipped": [],
              "duration": 195725,
              "root": false,
              "rootEmpty": false,
              "_timeout": 2000
            }
          ],
          "passes": [],
          "failures": [],
          "pending": [],
          "skipped": [],
          "duration": 0,
          "root": false,
          "rootEmpty": false,
          "_timeout": 2000
        },
        {
          "uuid": "7305d74e-6117-4013-8ee4-b0161b6c1ff2",
          "title": "EULA",
          "fullFile": "/Users/nickr/Documents/personal/projects/minecraft-server-manager/test/server/eula.js",
          "file": "/test/server/eula.js",
          "beforeHooks": [],
          "afterHooks": [],
          "tests": [],
          "suites": [
            {
              "uuid": "c1ff2491-0757-4b20-9524-04a5ca7ed4c0",
              "title": "properties",
              "fullFile": "/Users/nickr/Documents/personal/projects/minecraft-server-manager/test/server/eula.js",
              "file": "/test/server/eula.js",
              "beforeHooks": [
                {
                  "title": "\"before each\" hook",
                  "fullTitle": "EULA properties \"before each\" hook",
                  "timedOut": false,
                  "duration": 0,
                  "state": null,
                  "speed": null,
                  "pass": false,
                  "fail": false,
                  "pending": false,
                  "context": null,
                  "code": "this.eula = new Eula();",
                  "err": {},
                  "uuid": "498f3cba-69ff-499e-b76d-f232319b9ac7",
                  "parentUUID": "c1ff2491-0757-4b20-9524-04a5ca7ed4c0",
                  "isHook": true,
                  "skipped": false
                }
              ],
              "afterHooks": [],
              "tests": [],
              "suites": [
                {
                  "uuid": "33491d2d-3fea-4dc0-9eac-312a619f1d4f",
                  "title": "url",
                  "fullFile": "/Users/nickr/Documents/personal/projects/minecraft-server-manager/test/server/eula.js",
                  "file": "/test/server/eula.js",
                  "beforeHooks": [],
                  "afterHooks": [],
                  "tests": [
                    {
                      "title": "should be defined",
                      "fullTitle": "EULA properties url should be defined",
                      "timedOut": false,
                      "duration": 0,
                      "state": "passed",
                      "speed": "fast",
                      "pass": true,
                      "fail": false,
                      "pending": false,
                      "context": null,
                      "code": "assert.equal(this.eula.url, Eula.url);",
                      "err": {},
                      "uuid": "727a8a7e-9f1d-48f9-b6fc-8678a8c2f481",
                      "parentUUID": "33491d2d-3fea-4dc0-9eac-312a619f1d4f",
                      "isHook": false,
                      "skipped": false
                    },
                    {
                      "title": "should store a custom URL",
                      "fullTitle": "EULA properties url should store a custom URL",
                      "timedOut": false,
                      "duration": 1,
                      "state": "passed",
                      "speed": "fast",
                      "pass": true,
                      "fail": false,
                      "pending": false,
                      "context": null,
                      "code": "this.eula.url = testUrl;\nassert.equal(this.eula.url, testUrl);",
                      "err": {},
                      "uuid": "b6fa2298-1041-46a8-b515-e4c8a2f46055",
                      "parentUUID": "33491d2d-3fea-4dc0-9eac-312a619f1d4f",
                      "isHook": false,
                      "skipped": false
                    },
                    {
                      "title": "should not store an identical URL",
                      "fullTitle": "EULA properties url should not store an identical URL",
                      "timedOut": false,
                      "duration": 0,
                      "state": "passed",
                      "speed": "fast",
                      "pass": true,
                      "fail": false,
                      "pending": false,
                      "context": null,
                      "code": "this.eula.url = Eula.url;\nassert.ok(!this.eula.customUrl);",
                      "err": {},
                      "uuid": "0d927a29-41f6-49a9-8c76-d1f693fba720",
                      "parentUUID": "33491d2d-3fea-4dc0-9eac-312a619f1d4f",
                      "isHook": false,
                      "skipped": false
                    }
                  ],
                  "suites": [],
                  "passes": [
                    "727a8a7e-9f1d-48f9-b6fc-8678a8c2f481",
                    "b6fa2298-1041-46a8-b515-e4c8a2f46055",
                    "0d927a29-41f6-49a9-8c76-d1f693fba720"
                  ],
                  "failures": [],
                  "pending": [],
                  "skipped": [],
                  "duration": 1,
                  "root": false,
                  "rootEmpty": false,
                  "_timeout": 2000
                },
                {
                  "uuid": "f4fe5d78-ee5e-4b46-9c60-873520a2d243",
                  "title": "file",
                  "fullFile": "/Users/nickr/Documents/personal/projects/minecraft-server-manager/test/server/eula.js",
                  "file": "/test/server/eula.js",
                  "beforeHooks": [],
                  "afterHooks": [],
                  "tests": [
                    {
                      "title": "should be defined",
                      "fullTitle": "EULA properties file should be defined",
                      "timedOut": false,
                      "duration": 0,
                      "state": "passed",
                      "speed": "fast",
                      "pass": true,
                      "fail": false,
                      "pending": false,
                      "context": null,
                      "code": "assert.equal(this.eula.file, Eula.file);",
                      "err": {},
                      "uuid": "4735e0d8-cac8-4ca6-a18d-593877eecffa",
                      "parentUUID": "f4fe5d78-ee5e-4b46-9c60-873520a2d243",
                      "isHook": false,
                      "skipped": false
                    },
                    {
                      "title": "should store a custom filename",
                      "fullTitle": "EULA properties file should store a custom filename",
                      "timedOut": false,
                      "duration": 1,
                      "state": "passed",
                      "speed": "fast",
                      "pass": true,
                      "fail": false,
                      "pending": false,
                      "context": null,
                      "code": "this.eula.file = testFile;\nassert.equal(this.eula.file, testFile);",
                      "err": {},
                      "uuid": "ffff7d0e-c866-405b-a38a-70b4cc9f09e5",
                      "parentUUID": "f4fe5d78-ee5e-4b46-9c60-873520a2d243",
                      "isHook": false,
                      "skipped": false
                    },
                    {
                      "title": "should not store an identical filename",
                      "fullTitle": "EULA properties file should not store an identical filename",
                      "timedOut": false,
                      "duration": 0,
                      "state": "passed",
                      "speed": "fast",
                      "pass": true,
                      "fail": false,
                      "pending": false,
                      "context": null,
                      "code": "this.eula.file = Eula.file;\nassert.ok(!this.eula.customFile);",
                      "err": {},
                      "uuid": "bbdf19db-ee2c-41d7-9727-49b34dc86b69",
                      "parentUUID": "f4fe5d78-ee5e-4b46-9c60-873520a2d243",
                      "isHook": false,
                      "skipped": false
                    }
                  ],
                  "suites": [],
                  "passes": [
                    "4735e0d8-cac8-4ca6-a18d-593877eecffa",
                    "ffff7d0e-c866-405b-a38a-70b4cc9f09e5",
                    "bbdf19db-ee2c-41d7-9727-49b34dc86b69"
                  ],
                  "failures": [],
                  "pending": [],
                  "skipped": [],
                  "duration": 1,
                  "root": false,
                  "rootEmpty": false,
                  "_timeout": 2000
                }
              ],
              "passes": [],
              "failures": [],
              "pending": [],
              "skipped": [],
              "duration": 0,
              "root": false,
              "rootEmpty": false,
              "_timeout": 2000
            },
            {
              "uuid": "2939ea93-9093-414c-97b9-855bbcd524c9",
              "title": "methods",
              "fullFile": "/Users/nickr/Documents/personal/projects/minecraft-server-manager/test/server/eula.js",
              "file": "/test/server/eula.js",
              "beforeHooks": [
                {
                  "title": "\"before all\" hook",
                  "fullTitle": "EULA methods \"before all\" hook",
                  "timedOut": false,
                  "duration": 3,
                  "state": null,
                  "speed": null,
                  "pass": false,
                  "fail": false,
                  "pending": false,
                  "context": null,
                  "code": "mock({\n  [Eula.file]: eulaContents,\n  [testFile]: eulaContents.replace('false', 'true')\n});",
                  "err": {},
                  "uuid": "bc903982-3432-4d4b-89d9-4bddfabd0b79",
                  "parentUUID": "2939ea93-9093-414c-97b9-855bbcd524c9",
                  "isHook": true,
                  "skipped": false
                },
                {
                  "title": "\"before each\" hook",
                  "fullTitle": "EULA methods \"before each\" hook",
                  "timedOut": false,
                  "duration": 0,
                  "state": null,
                  "speed": null,
                  "pass": false,
                  "fail": false,
                  "pending": false,
                  "context": null,
                  "code": "this.eula = new Eula();",
                  "err": {},
                  "uuid": "4996327f-16af-4fc6-a4c7-e3bfc551e3ea",
                  "parentUUID": "2939ea93-9093-414c-97b9-855bbcd524c9",
                  "isHook": true,
                  "skipped": false
                }
              ],
              "afterHooks": [
                {
                  "title": "\"after all\" hook",
                  "fullTitle": "EULA methods \"after all\" hook",
                  "timedOut": false,
                  "duration": 1,
                  "state": null,
                  "speed": null,
                  "pass": false,
                  "fail": false,
                  "pending": false,
                  "context": null,
                  "code": "restoreBinding();\nrestoreProcess();\nrestoreCreateWriteStream();",
                  "err": {},
                  "uuid": "b4253338-c0c4-4419-bd00-c886a8c332d6",
                  "parentUUID": "2939ea93-9093-414c-97b9-855bbcd524c9",
                  "isHook": true,
                  "skipped": false
                }
              ],
              "tests": [],
              "suites": [
                {
                  "uuid": "d4b1f6e1-5a26-4440-a343-adfe2b537b23",
                  "title": "getUrl()",
                  "fullFile": "/Users/nickr/Documents/personal/projects/minecraft-server-manager/test/server/eula.js",
                  "file": "/test/server/eula.js",
                  "beforeHooks": [],
                  "afterHooks": [],
                  "tests": [
                    {
                      "title": "should store and return the URL read from file",
                      "fullTitle": "EULA methods getUrl() should store and return the URL read from file",
                      "timedOut": false,
                      "duration": 2,
                      "state": "passed",
                      "speed": "fast",
                      "pass": true,
                      "fail": false,
                      "pending": false,
                      "context": null,
                      "code": "assert.equal(await this.eula.getUrl(path.resolve()), testUrl);\nassert.equal(this.eula.url, testUrl);",
                      "err": {},
                      "uuid": "e459a3a7-6def-424e-a93a-5d3bfb3dc944",
                      "parentUUID": "d4b1f6e1-5a26-4440-a343-adfe2b537b23",
                      "isHook": false,
                      "skipped": false
                    },
                    {
                      "title": "should reject with an Error if path is invalid",
                      "fullTitle": "EULA methods getUrl() should reject with an Error if path is invalid",
                      "timedOut": false,
                      "duration": 3,
                      "state": "passed",
                      "speed": "fast",
                      "pass": true,
                      "fail": false,
                      "pending": false,
                      "context": null,
                      "code": "await assert.rejects(this.eula.getUrl('notapath'), { code: 'ENOENT' });",
                      "err": {},
                      "uuid": "d97eefa7-a635-4048-986e-94b1627bb668",
                      "parentUUID": "d4b1f6e1-5a26-4440-a343-adfe2b537b23",
                      "isHook": false,
                      "skipped": false
                    }
                  ],
                  "suites": [],
                  "passes": [
                    "e459a3a7-6def-424e-a93a-5d3bfb3dc944",
                    "d97eefa7-a635-4048-986e-94b1627bb668"
                  ],
                  "failures": [],
                  "pending": [],
                  "skipped": [],
                  "duration": 5,
                  "root": false,
                  "rootEmpty": false,
                  "_timeout": 2000
                },
                {
                  "uuid": "6588f6b0-1f30-440f-8629-1aa4dfc40975",
                  "title": "check()",
                  "fullFile": "/Users/nickr/Documents/personal/projects/minecraft-server-manager/test/server/eula.js",
                  "file": "/test/server/eula.js",
                  "beforeHooks": [],
                  "afterHooks": [],
                  "tests": [
                    {
                      "title": "should be able to parse EULA as unaccepted",
                      "fullTitle": "EULA methods check() should be able to parse EULA as unaccepted",
                      "timedOut": false,
                      "duration": 0,
                      "state": "passed",
                      "speed": "fast",
                      "pass": true,
                      "fail": false,
                      "pending": false,
                      "context": null,
                      "code": "assert.equal(await this.eula.check(path.resolve()), false);",
                      "err": {},
                      "uuid": "1acbe832-a793-4002-90fc-05691d3b6d04",
                      "parentUUID": "6588f6b0-1f30-440f-8629-1aa4dfc40975",
                      "isHook": false,
                      "skipped": false
                    },
                    {
                      "title": "should be able to parse EULA as accepted",
                      "fullTitle": "EULA methods check() should be able to parse EULA as accepted",
                      "timedOut": false,
                      "duration": 0,
                      "state": "passed",
                      "speed": "fast",
                      "pass": true,
                      "fail": false,
                      "pending": false,
                      "context": null,
                      "code": "this.eula.file = testFile;\nassert.equal(await this.eula.check(path.resolve()), true);",
                      "err": {},
                      "uuid": "e9c15b59-9706-4559-9f56-595b8f55df82",
                      "parentUUID": "6588f6b0-1f30-440f-8629-1aa4dfc40975",
                      "isHook": false,
                      "skipped": false
                    },
                    {
                      "title": "should reject with an Error if path is invalid",
                      "fullTitle": "EULA methods check() should reject with an Error if path is invalid",
                      "timedOut": false,
                      "duration": 1,
                      "state": "passed",
                      "speed": "fast",
                      "pass": true,
                      "fail": false,
                      "pending": false,
                      "context": null,
                      "code": "await assert.rejects(this.eula.check('notapath'), { code: 'ENOENT' });",
                      "err": {},
                      "uuid": "161a7bdb-2e10-4173-81ec-3937e3d508fc",
                      "parentUUID": "6588f6b0-1f30-440f-8629-1aa4dfc40975",
                      "isHook": false,
                      "skipped": false
                    }
                  ],
                  "suites": [],
                  "passes": [
                    "1acbe832-a793-4002-90fc-05691d3b6d04",
                    "e9c15b59-9706-4559-9f56-595b8f55df82",
                    "161a7bdb-2e10-4173-81ec-3937e3d508fc"
                  ],
                  "failures": [],
                  "pending": [],
                  "skipped": [],
                  "duration": 1,
                  "root": false,
                  "rootEmpty": false,
                  "_timeout": 2000
                },
                {
                  "uuid": "17129feb-d125-4191-901d-0317c3f07af1",
                  "title": "accept()",
                  "fullFile": "/Users/nickr/Documents/personal/projects/minecraft-server-manager/test/server/eula.js",
                  "file": "/test/server/eula.js",
                  "beforeHooks": [],
                  "afterHooks": [],
                  "tests": [
                    {
                      "title": "should accept an unaccepted EULA",
                      "fullTitle": "EULA methods accept() should accept an unaccepted EULA",
                      "timedOut": false,
                      "duration": 1,
                      "state": "passed",
                      "speed": "fast",
                      "pass": true,
                      "fail": false,
                      "pending": false,
                      "context": null,
                      "code": "await this.eula.accept(path.resolve());\n// NOTE: We depend on Eula.check() working properly\nassert.equal(await this.eula.check(path.resolve()), true);",
                      "err": {},
                      "uuid": "31f09450-3d7a-42c4-811c-a7987a94f7c0",
                      "parentUUID": "17129feb-d125-4191-901d-0317c3f07af1",
                      "isHook": false,
                      "skipped": false
                    },
                    {
                      "title": "should not modify an already accepted EULA file",
                      "fullTitle": "EULA methods accept() should not modify an already accepted EULA file",
                      "timedOut": false,
                      "duration": 0,
                      "state": "passed",
                      "speed": "fast",
                      "pass": true,
                      "fail": false,
                      "pending": false,
                      "context": null,
                      "code": "this.eula.file = testFile;\nawait this.eula.accept(path.resolve());\nconst stats = await stat(path.resolve(testFile));\nassert.equal(stats.birthtime.getMilliseconds(), stats.mtime.getMilliseconds());",
                      "err": {},
                      "uuid": "e08ea91c-3be9-4a00-ba1a-b83249ef102b",
                      "parentUUID": "17129feb-d125-4191-901d-0317c3f07af1",
                      "isHook": false,
                      "skipped": false
                    }
                  ],
                  "suites": [],
                  "passes": [
                    "31f09450-3d7a-42c4-811c-a7987a94f7c0",
                    "e08ea91c-3be9-4a00-ba1a-b83249ef102b"
                  ],
                  "failures": [],
                  "pending": [],
                  "skipped": [],
                  "duration": 1,
                  "root": false,
                  "rootEmpty": false,
                  "_timeout": 2000
                }
              ],
              "passes": [],
              "failures": [],
              "pending": [],
              "skipped": [],
              "duration": 0,
              "root": false,
              "rootEmpty": false,
              "_timeout": 2000
            }
          ],
          "passes": [],
          "failures": [],
          "pending": [],
          "skipped": [],
          "duration": 0,
          "root": false,
          "rootEmpty": false,
          "_timeout": 2000
        }
      ],
      "passes": [],
      "failures": [],
      "pending": [],
      "skipped": [],
      "duration": 0,
      "root": true,
      "rootEmpty": true,
      "_timeout": 2000
    }
  ],
  "meta": {
    "mocha": {
      "version": "6.2.3"
    },
    "mochawesome": {
      "options": {
        "quiet": false,
        "reportFilename": "mochawesome",
        "saveHtml": true,
        "saveJson": true,
        "consoleReporter": "spec",
        "useInlineDiffs": false
      },
      "version": "4.1.0"
    },
    "marge": {
      "options": {
        "reportDir": "./test-results"
      },
      "version": "4.1.0"
    }
  }
}